<?xml version="1.0" encoding="UTF-8"?>
<testsuite xmlns:xsi="http://www.w3.org/2001/XMLSchema-instance" xsi:noNamespaceSchemaLocation="https://maven.apache.org/surefire/maven-surefire-plugin/xsd/surefire-test-report.xsd" name="com.example.AppTest" time="0.005" tests="1" errors="0" skipped="0" failures="0">
  <properties>
    <property name="sun.desktop" value="gnome"/>
    <property name="awt.toolkit" value="sun.awt.X11.XToolkit"/>
    <property name="java.specification.version" value="11"/>
    <property name="sun.cpu.isalist" value=""/>
    <property name="sun.jnu.encoding" value="UTF-8"/>
    <property name="java.class.path" value="/home/vishwas-r/selenium/target/test-classes:/home/vishwas-r/selenium/target/classes:/home/vishwas-r/.m2/repository/org/seleniumhq/selenium/selenium-java/4.30.0/selenium-java-4.30.0.jar:/home/vishwas-r/.m2/repository/org/seleniumhq/selenium/selenium-api/4.30.0/selenium-api-4.30.0.jar:/home/vishwas-r/.m2/repository/org/jspecify/jspecify/1.0.0/jspecify-1.0.0.jar:/home/vishwas-r/.m2/repository/org/seleniumhq/selenium/selenium-chrome-driver/4.30.0/selenium-chrome-driver-4.30.0.jar:/home/vishwas-r/.m2/repository/com/google/auto/service/auto-service-annotations/1.1.1/auto-service-annotations-1.1.1.jar:/home/vishwas-r/.m2/repository/org/seleniumhq/selenium/selenium-chromium-driver/4.30.0/selenium-chromium-driver-4.30.0.jar:/home/vishwas-r/.m2/repository/org/seleniumhq/selenium/selenium-json/4.30.0/selenium-json-4.30.0.jar:/home/vishwas-r/.m2/repository/org/seleniumhq/selenium/selenium-manager/4.30.0/selenium-manager-4.30.0.jar:/home/vishwas-r/.m2/repository/org/seleniumhq/selenium/selenium-devtools-v132/4.30.0/selenium-devtools-v132-4.30.0.jar:/home/vishwas-r/.m2/repository/org/seleniumhq/selenium/selenium-devtools-v133/4.30.0/selenium-devtools-v133-4.30.0.jar:/home/vishwas-r/.m2/repository/org/seleniumhq/selenium/selenium-devtools-v134/4.30.0/selenium-devtools-v134-4.30.0.jar:/home/vishwas-r/.m2/repository/org/seleniumhq/selenium/selenium-edge-driver/4.30.0/selenium-edge-driver-4.30.0.jar:/home/vishwas-r/.m2/repository/org/seleniumhq/selenium/selenium-firefox-driver/4.30.0/selenium-firefox-driver-4.30.0.jar:/home/vishwas-r/.m2/repository/org/seleniumhq/selenium/selenium-http/4.30.0/selenium-http-4.30.0.jar:/home/vishwas-r/.m2/repository/org/seleniumhq/selenium/selenium-ie-driver/4.30.0/selenium-ie-driver-4.30.0.jar:/home/vishwas-r/.m2/repository/org/seleniumhq/selenium/selenium-remote-driver/4.30.0/selenium-remote-driver-4.30.0.jar:/home/vishwas-r/.m2/repository/io/opentelemetry/opentelemetry-api/1.48.0/opentelemetry-api-1.48.0.jar:/home/vishwas-r/.m2/repository/io/opentelemetry/opentelemetry-context/1.48.0/opentelemetry-context-1.48.0.jar:/home/vishwas-r/.m2/repository/io/opentelemetry/opentelemetry-exporter-logging/1.48.0/opentelemetry-exporter-logging-1.48.0.jar:/home/vishwas-r/.m2/repository/io/opentelemetry/opentelemetry-sdk-common/1.48.0/opentelemetry-sdk-common-1.48.0.jar:/home/vishwas-r/.m2/repository/io/opentelemetry/opentelemetry-sdk-extension-autoconfigure-spi/1.48.0/opentelemetry-sdk-extension-autoconfigure-spi-1.48.0.jar:/home/vishwas-r/.m2/repository/io/opentelemetry/opentelemetry-sdk-extension-autoconfigure/1.48.0/opentelemetry-sdk-extension-autoconfigure-1.48.0.jar:/home/vishwas-r/.m2/repository/io/opentelemetry/opentelemetry-sdk-trace/1.48.0/opentelemetry-sdk-trace-1.48.0.jar:/home/vishwas-r/.m2/repository/io/opentelemetry/opentelemetry-sdk/1.48.0/opentelemetry-sdk-1.48.0.jar:/home/vishwas-r/.m2/repository/io/opentelemetry/opentelemetry-sdk-metrics/1.48.0/opentelemetry-sdk-metrics-1.48.0.jar:/home/vishwas-r/.m2/repository/io/opentelemetry/opentelemetry-sdk-logs/1.48.0/opentelemetry-sdk-logs-1.48.0.jar:/home/vishwas-r/.m2/repository/net/bytebuddy/byte-buddy/1.17.2/byte-buddy-1.17.2.jar:/home/vishwas-r/.m2/repository/org/seleniumhq/selenium/selenium-os/4.30.0/selenium-os-4.30.0.jar:/home/vishwas-r/.m2/repository/org/apache/commons/commons-exec/1.4.0/commons-exec-1.4.0.jar:/home/vishwas-r/.m2/repository/org/seleniumhq/selenium/selenium-safari-driver/4.30.0/selenium-safari-driver-4.30.0.jar:/home/vishwas-r/.m2/repository/org/seleniumhq/selenium/selenium-support/4.30.0/selenium-support-4.30.0.jar:/home/vishwas-r/.m2/repository/junit/junit/3.8.1/junit-3.8.1.jar:/home/vishwas-r/.m2/repository/io/github/bonigarcia/webdrivermanager/5.6.0/webdrivermanager-5.6.0.jar:/home/vishwas-r/.m2/repository/org/slf4j/slf4j-api/2.0.9/slf4j-api-2.0.9.jar:/home/vishwas-r/.m2/repository/com/google/code/gson/gson/2.10.1/gson-2.10.1.jar:/home/vishwas-r/.m2/repository/com/github/docker-java/docker-java/3.3.3/docker-java-3.3.3.jar:/home/vishwas-r/.m2/repository/com/github/docker-java/docker-java-core/3.3.3/docker-java-core-3.3.3.jar:/home/vishwas-r/.m2/repository/com/github/docker-java/docker-java-api/3.3.3/docker-java-api-3.3.3.jar:/home/vishwas-r/.m2/repository/com/fasterxml/jackson/core/jackson-annotations/2.10.3/jackson-annotations-2.10.3.jar:/home/vishwas-r/.m2/repository/com/fasterxml/jackson/core/jackson-databind/2.10.3/jackson-databind-2.10.3.jar:/home/vishwas-r/.m2/repository/com/fasterxml/jackson/core/jackson-core/2.10.3/jackson-core-2.10.3.jar:/home/vishwas-r/.m2/repository/org/bouncycastle/bcpkix-jdk18on/1.75/bcpkix-jdk18on-1.75.jar:/home/vishwas-r/.m2/repository/org/bouncycastle/bcprov-jdk18on/1.75/bcprov-jdk18on-1.75.jar:/home/vishwas-r/.m2/repository/org/bouncycastle/bcutil-jdk18on/1.75/bcutil-jdk18on-1.75.jar:/home/vishwas-r/.m2/repository/org/slf4j/jcl-over-slf4j/1.7.30/jcl-over-slf4j-1.7.30.jar:/home/vishwas-r/.m2/repository/com/github/docker-java/docker-java-transport-httpclient5/3.3.3/docker-java-transport-httpclient5-3.3.3.jar:/home/vishwas-r/.m2/repository/com/github/docker-java/docker-java-transport/3.3.3/docker-java-transport-3.3.3.jar:/home/vishwas-r/.m2/repository/net/java/dev/jna/jna/5.12.1/jna-5.12.1.jar:/home/vishwas-r/.m2/repository/org/brotli/dec/0.1.2/dec-0.1.2.jar:/home/vishwas-r/.m2/repository/org/apache/commons/commons-lang3/3.13.0/commons-lang3-3.13.0.jar:/home/vishwas-r/.m2/repository/org/apache/commons/commons-compress/1.24.0/commons-compress-1.24.0.jar:/home/vishwas-r/.m2/repository/org/apache/httpcomponents/client5/httpclient5/5.2.1/httpclient5-5.2.1.jar:/home/vishwas-r/.m2/repository/org/apache/httpcomponents/core5/httpcore5/5.2/httpcore5-5.2.jar:/home/vishwas-r/.m2/repository/org/apache/httpcomponents/core5/httpcore5-h2/5.2/httpcore5-h2-5.2.jar:/home/vishwas-r/.m2/repository/com/google/guava/guava/33.4.0-jre/guava-33.4.0-jre.jar:/home/vishwas-r/.m2/repository/com/google/guava/failureaccess/1.0.2/failureaccess-1.0.2.jar:/home/vishwas-r/.m2/repository/com/google/guava/listenablefuture/9999.0-empty-to-avoid-conflict-with-guava/listenablefuture-9999.0-empty-to-avoid-conflict-with-guava.jar:/home/vishwas-r/.m2/repository/com/google/code/findbugs/jsr305/3.0.2/jsr305-3.0.2.jar:/home/vishwas-r/.m2/repository/org/checkerframework/checker-qual/3.43.0/checker-qual-3.43.0.jar:/home/vishwas-r/.m2/repository/com/google/errorprone/error_prone_annotations/2.36.0/error_prone_annotations-2.36.0.jar:/home/vishwas-r/.m2/repository/com/google/j2objc/j2objc-annotations/3.0.0/j2objc-annotations-3.0.0.jar:/home/vishwas-r/.m2/repository/commons-io/commons-io/2.18.0/commons-io-2.18.0.jar:"/>
    <property name="java.vm.vendor" value="Ubuntu"/>
    <property name="sun.arch.data.model" value="64"/>
    <property name="java.vendor.url" value="https://ubuntu.com/"/>
    <property name="user.timezone" value=""/>
    <property name="java.vm.specification.version" value="11"/>
    <property name="os.name" value="Linux"/>
    <property name="sun.java.launcher" value="SUN_STANDARD"/>
    <property name="user.country" value="US"/>
    <property name="sun.boot.library.path" value="/usr/lib/jvm/java-11-openjdk-amd64/lib"/>
    <property name="sun.java.command" value="/home/vishwas-r/selenium/target/surefire/surefirebooter6672470064261616712.jar /home/vishwas-r/selenium/target/surefire 2025-04-02T23-07-01_028-jvmRun1 surefire18392117497487859477tmp surefire_06512069593706316686tmp"/>
    <property name="jdk.debug" value="release"/>
    <property name="surefire.test.class.path" value="/home/vishwas-r/selenium/target/test-classes:/home/vishwas-r/selenium/target/classes:/home/vishwas-r/.m2/repository/org/seleniumhq/selenium/selenium-java/4.30.0/selenium-java-4.30.0.jar:/home/vishwas-r/.m2/repository/org/seleniumhq/selenium/selenium-api/4.30.0/selenium-api-4.30.0.jar:/home/vishwas-r/.m2/repository/org/jspecify/jspecify/1.0.0/jspecify-1.0.0.jar:/home/vishwas-r/.m2/repository/org/seleniumhq/selenium/selenium-chrome-driver/4.30.0/selenium-chrome-driver-4.30.0.jar:/home/vishwas-r/.m2/repository/com/google/auto/service/auto-service-annotations/1.1.1/auto-service-annotations-1.1.1.jar:/home/vishwas-r/.m2/repository/org/seleniumhq/selenium/selenium-chromium-driver/4.30.0/selenium-chromium-driver-4.30.0.jar:/home/vishwas-r/.m2/repository/org/seleniumhq/selenium/selenium-json/4.30.0/selenium-json-4.30.0.jar:/home/vishwas-r/.m2/repository/org/seleniumhq/selenium/selenium-manager/4.30.0/selenium-manager-4.30.0.jar:/home/vishwas-r/.m2/repository/org/seleniumhq/selenium/selenium-devtools-v132/4.30.0/selenium-devtools-v132-4.30.0.jar:/home/vishwas-r/.m2/repository/org/seleniumhq/selenium/selenium-devtools-v133/4.30.0/selenium-devtools-v133-4.30.0.jar:/home/vishwas-r/.m2/repository/org/seleniumhq/selenium/selenium-devtools-v134/4.30.0/selenium-devtools-v134-4.30.0.jar:/home/vishwas-r/.m2/repository/org/seleniumhq/selenium/selenium-edge-driver/4.30.0/selenium-edge-driver-4.30.0.jar:/home/vishwas-r/.m2/repository/org/seleniumhq/selenium/selenium-firefox-driver/4.30.0/selenium-firefox-driver-4.30.0.jar:/home/vishwas-r/.m2/repository/org/seleniumhq/selenium/selenium-http/4.30.0/selenium-http-4.30.0.jar:/home/vishwas-r/.m2/repository/org/seleniumhq/selenium/selenium-ie-driver/4.30.0/selenium-ie-driver-4.30.0.jar:/home/vishwas-r/.m2/repository/org/seleniumhq/selenium/selenium-remote-driver/4.30.0/selenium-remote-driver-4.30.0.jar:/home/vishwas-r/.m2/repository/io/opentelemetry/opentelemetry-api/1.48.0/opentelemetry-api-1.48.0.jar:/home/vishwas-r/.m2/repository/io/opentelemetry/opentelemetry-context/1.48.0/opentelemetry-context-1.48.0.jar:/home/vishwas-r/.m2/repository/io/opentelemetry/opentelemetry-exporter-logging/1.48.0/opentelemetry-exporter-logging-1.48.0.jar:/home/vishwas-r/.m2/repository/io/opentelemetry/opentelemetry-sdk-common/1.48.0/opentelemetry-sdk-common-1.48.0.jar:/home/vishwas-r/.m2/repository/io/opentelemetry/opentelemetry-sdk-extension-autoconfigure-spi/1.48.0/opentelemetry-sdk-extension-autoconfigure-spi-1.48.0.jar:/home/vishwas-r/.m2/repository/io/opentelemetry/opentelemetry-sdk-extension-autoconfigure/1.48.0/opentelemetry-sdk-extension-autoconfigure-1.48.0.jar:/home/vishwas-r/.m2/repository/io/opentelemetry/opentelemetry-sdk-trace/1.48.0/opentelemetry-sdk-trace-1.48.0.jar:/home/vishwas-r/.m2/repository/io/opentelemetry/opentelemetry-sdk/1.48.0/opentelemetry-sdk-1.48.0.jar:/home/vishwas-r/.m2/repository/io/opentelemetry/opentelemetry-sdk-metrics/1.48.0/opentelemetry-sdk-metrics-1.48.0.jar:/home/vishwas-r/.m2/repository/io/opentelemetry/opentelemetry-sdk-logs/1.48.0/opentelemetry-sdk-logs-1.48.0.jar:/home/vishwas-r/.m2/repository/net/bytebuddy/byte-buddy/1.17.2/byte-buddy-1.17.2.jar:/home/vishwas-r/.m2/repository/org/seleniumhq/selenium/selenium-os/4.30.0/selenium-os-4.30.0.jar:/home/vishwas-r/.m2/repository/org/apache/commons/commons-exec/1.4.0/commons-exec-1.4.0.jar:/home/vishwas-r/.m2/repository/org/seleniumhq/selenium/selenium-safari-driver/4.30.0/selenium-safari-driver-4.30.0.jar:/home/vishwas-r/.m2/repository/org/seleniumhq/selenium/selenium-support/4.30.0/selenium-support-4.30.0.jar:/home/vishwas-r/.m2/repository/junit/junit/3.8.1/junit-3.8.1.jar:/home/vishwas-r/.m2/repository/io/github/bonigarcia/webdrivermanager/5.6.0/webdrivermanager-5.6.0.jar:/home/vishwas-r/.m2/repository/org/slf4j/slf4j-api/2.0.9/slf4j-api-2.0.9.jar:/home/vishwas-r/.m2/repository/com/google/code/gson/gson/2.10.1/gson-2.10.1.jar:/home/vishwas-r/.m2/repository/com/github/docker-java/docker-java/3.3.3/docker-java-3.3.3.jar:/home/vishwas-r/.m2/repository/com/github/docker-java/docker-java-core/3.3.3/docker-java-core-3.3.3.jar:/home/vishwas-r/.m2/repository/com/github/docker-java/docker-java-api/3.3.3/docker-java-api-3.3.3.jar:/home/vishwas-r/.m2/repository/com/fasterxml/jackson/core/jackson-annotations/2.10.3/jackson-annotations-2.10.3.jar:/home/vishwas-r/.m2/repository/com/fasterxml/jackson/core/jackson-databind/2.10.3/jackson-databind-2.10.3.jar:/home/vishwas-r/.m2/repository/com/fasterxml/jackson/core/jackson-core/2.10.3/jackson-core-2.10.3.jar:/home/vishwas-r/.m2/repository/org/bouncycastle/bcpkix-jdk18on/1.75/bcpkix-jdk18on-1.75.jar:/home/vishwas-r/.m2/repository/org/bouncycastle/bcprov-jdk18on/1.75/bcprov-jdk18on-1.75.jar:/home/vishwas-r/.m2/repository/org/bouncycastle/bcutil-jdk18on/1.75/bcutil-jdk18on-1.75.jar:/home/vishwas-r/.m2/repository/org/slf4j/jcl-over-slf4j/1.7.30/jcl-over-slf4j-1.7.30.jar:/home/vishwas-r/.m2/repository/com/github/docker-java/docker-java-transport-httpclient5/3.3.3/docker-java-transport-httpclient5-3.3.3.jar:/home/vishwas-r/.m2/repository/com/github/docker-java/docker-java-transport/3.3.3/docker-java-transport-3.3.3.jar:/home/vishwas-r/.m2/repository/net/java/dev/jna/jna/5.12.1/jna-5.12.1.jar:/home/vishwas-r/.m2/repository/org/brotli/dec/0.1.2/dec-0.1.2.jar:/home/vishwas-r/.m2/repository/org/apache/commons/commons-lang3/3.13.0/commons-lang3-3.13.0.jar:/home/vishwas-r/.m2/repository/org/apache/commons/commons-compress/1.24.0/commons-compress-1.24.0.jar:/home/vishwas-r/.m2/repository/org/apache/httpcomponents/client5/httpclient5/5.2.1/httpclient5-5.2.1.jar:/home/vishwas-r/.m2/repository/org/apache/httpcomponents/core5/httpcore5/5.2/httpcore5-5.2.jar:/home/vishwas-r/.m2/repository/org/apache/httpcomponents/core5/httpcore5-h2/5.2/httpcore5-h2-5.2.jar:/home/vishwas-r/.m2/repository/com/google/guava/guava/33.4.0-jre/guava-33.4.0-jre.jar:/home/vishwas-r/.m2/repository/com/google/guava/failureaccess/1.0.2/failureaccess-1.0.2.jar:/home/vishwas-r/.m2/repository/com/google/guava/listenablefuture/9999.0-empty-to-avoid-conflict-with-guava/listenablefuture-9999.0-empty-to-avoid-conflict-with-guava.jar:/home/vishwas-r/.m2/repository/com/google/code/findbugs/jsr305/3.0.2/jsr305-3.0.2.jar:/home/vishwas-r/.m2/repository/org/checkerframework/checker-qual/3.43.0/checker-qual-3.43.0.jar:/home/vishwas-r/.m2/repository/com/google/errorprone/error_prone_annotations/2.36.0/error_prone_annotations-2.36.0.jar:/home/vishwas-r/.m2/repository/com/google/j2objc/j2objc-annotations/3.0.0/j2objc-annotations-3.0.0.jar:/home/vishwas-r/.m2/repository/commons-io/commons-io/2.18.0/commons-io-2.18.0.jar:"/>
    <property name="sun.cpu.endian" value="little"/>
    <property name="user.home" value="/home/vishwas-r"/>
    <property name="user.language" value="en"/>
    <property name="java.specification.vendor" value="Oracle Corporation"/>
    <property name="java.version.date" value="2025-01-21"/>
    <property name="java.home" value="/usr/lib/jvm/java-11-openjdk-amd64"/>
    <property name="file.separator" value="/"/>
    <property name="basedir" value="/home/vishwas-r/selenium"/>
    <property name="java.vm.compressedOopsMode" value="32-bit"/>
    <property name="line.separator" value="&#10;"/>
    <property name="java.specification.name" value="Java Platform API Specification"/>
    <property name="java.vm.specification.vendor" value="Oracle Corporation"/>
    <property name="java.awt.graphicsenv" value="sun.awt.X11GraphicsEnvironment"/>
    <property name="surefire.real.class.path" value="/home/vishwas-r/selenium/target/surefire/surefirebooter6672470064261616712.jar"/>
    <property name="sun.management.compiler" value="HotSpot 64-Bit Tiered Compilers"/>
    <property name="java.runtime.version" value="11.0.26+4-post-Ubuntu-1ubuntu124.04"/>
    <property name="user.name" value="vishwas-r"/>
    <property name="path.separator" value=":"/>
    <property name="os.version" value="6.11.0-17-generic"/>
    <property name="java.runtime.name" value="OpenJDK Runtime Environment"/>
    <property name="file.encoding" value="UTF-8"/>
    <property name="java.vm.name" value="OpenJDK 64-Bit Server VM"/>
    <property name="localRepository" value="/home/vishwas-r/.m2/repository"/>
    <property name="java.vendor.url.bug" value="https://bugs.launchpad.net/ubuntu/+source/openjdk-lts"/>
    <property name="java.io.tmpdir" value="/tmp"/>
    <property name="java.version" value="11.0.26"/>
    <property name="user.dir" value="/home/vishwas-r/selenium"/>
    <property name="os.arch" value="amd64"/>
    <property name="java.vm.specification.name" value="Java Virtual Machine Specification"/>
    <property name="java.awt.printerjob" value="sun.print.PSPrinterJob"/>
    <property name="sun.os.patch.level" value="unknown"/>
    <property name="java.library.path" value="/usr/java/packages/lib:/usr/lib/x86_64-linux-gnu/jni:/lib/x86_64-linux-gnu:/usr/lib/x86_64-linux-gnu:/usr/lib/jni:/lib:/usr/lib"/>
    <property name="java.vm.info" value="mixed mode, sharing"/>
    <property name="java.vendor" value="Ubuntu"/>
    <property name="java.vm.version" value="11.0.26+4-post-Ubuntu-1ubuntu124.04"/>
    <property name="java.specification.maintenance.version" value="3"/>
    <property name="sun.io.unicode.encoding" value="UnicodeLittle"/>
    <property name="java.class.version" value="55.0"/>
  </properties>
  <testcase name="testApp" classname="com.example.AppTest" time="0.001"/>
</testsuite>